<?xml version="1.0" encoding="UTF-8"?>
<!-- Generated by org.testng.reporters.JUnitXMLReporter -->
<testsuite hostname="LAPTOP-RBTLC724" ignored="0" name="Functional testing1" tests="2" failures="0" timestamp="04 May 2021 07:41:39 GMT" time="81.86" errors="0">
  <testcase name="BookMyShowSportsRegNegative" time="33.954" classname="com.qa.testscript.TC_BookMyShowSportsReg_02"/>
  <testcase name="BookMyShowSportsRegPostive" time="34.992" classname="com.qa.testscript.TC_BookMyShowSportsReg_01"/>
</testsuite> <!-- Functional testing1 -->
