<?xml version="1.0" encoding="UTF-8"?>
<!-- Generated by org.testng.reporters.JUnitXMLReporter -->
<testsuite hostname="LAPTOP-RBTLC724" ignored="0" name="Functional testing1" tests="2" failures="0" timestamp="2021-05-04T13:20:13 IST" time="46.354" errors="0">
  <testcase name="BookMyShowSportsRegNegative" time="33.42" classname="com.qa.testscript.TC_BookMyShowSportsReg_02"/>
  <testcase name="BookMyShowSportsRegPostive" time="37.153" classname="com.qa.testscript.TC_BookMyShowSportsReg_01"/>
</testsuite> <!-- Functional testing1 -->
